INFO [2019-04-04 15:29:36] $x
INFO [2019-04-04 15:29:36] ID_list[1:3]
INFO [2019-04-04 15:29:36] 
INFO [2019-04-04 15:29:36] $filename
INFO [2019-04-04 15:29:36] NULL
INFO [2019-04-04 15:29:36] 
INFO [2019-04-04 15:29:36] $fill
INFO [2019-04-04 15:29:36] c("blue", "red", "yellow")
INFO [2019-04-04 15:29:36] 
INFO [2019-04-04 15:29:36] $alpha
INFO [2019-04-04 15:29:36] [1] 0.5
INFO [2019-04-04 15:29:36] 
INFO [2019-04-04 15:29:36] $col
INFO [2019-04-04 15:29:36] [1] "transparent"
INFO [2019-04-04 15:29:36] 
INFO [2019-04-04 15:29:36] $cex
INFO [2019-04-04 15:29:36] [1] 1.5
INFO [2019-04-04 15:29:36] 
INFO [2019-04-04 15:29:36] $fontface
INFO [2019-04-04 15:29:36] [1] "bold"
INFO [2019-04-04 15:29:36] 
INFO [2019-04-04 15:29:36] $cat.cex
INFO [2019-04-04 15:29:36] [1] 1.5
INFO [2019-04-04 15:29:36] 
INFO [2019-04-04 15:29:36] $cat.fontface
INFO [2019-04-04 15:29:36] [1] "bold"
INFO [2019-04-04 15:29:36] 
INFO [2019-04-04 15:29:36] $cat.dist
INFO [2019-04-04 15:29:36] c(-0.01, -0.01, -0.01)
INFO [2019-04-04 15:29:36] 
INFO [2019-04-04 15:29:36] $cat.pos
INFO [2019-04-04 15:29:36] c(325, 35, 180)
INFO [2019-04-04 15:29:36] 
INFO [2019-04-04 15:29:36] $cat.col
INFO [2019-04-04 15:29:36] c("navy", "darkred", "goldenrod")
INFO [2019-04-04 15:29:36] 
INFO [2019-04-04 15:29:36] $label.col
INFO [2019-04-04 15:29:36] c("navy", "white", "darkred", "white", "black", "white", "goldenrod")
INFO [2019-04-04 15:29:36] 
INFO [2019-04-04 15:29:36] $x
INFO [2019-04-04 15:29:36] ID_list[c(1, 3, 4)]
INFO [2019-04-04 15:29:36] 
INFO [2019-04-04 15:29:36] $fill
INFO [2019-04-04 15:29:36] c("blue", "red", "yellow")
INFO [2019-04-04 15:29:36] 
INFO [2019-04-04 15:29:36] $alpha
INFO [2019-04-04 15:29:36] [1] 0.5
INFO [2019-04-04 15:29:36] 
INFO [2019-04-04 15:29:36] $fontface
INFO [2019-04-04 15:29:36] [1] "bold"
INFO [2019-04-04 15:29:36] 
INFO [2019-04-04 15:29:36] $cat.fontface
INFO [2019-04-04 15:29:36] [1] "bold"
INFO [2019-04-04 15:29:36] 
INFO [2019-04-04 15:29:36] $lty
INFO [2019-04-04 15:29:36] [1] "dashed"
INFO [2019-04-04 15:29:36] 
INFO [2019-04-04 15:29:36] $lwd
INFO [2019-04-04 15:29:36] [1] 0.75
INFO [2019-04-04 15:29:36] 
INFO [2019-04-04 15:29:36] $filename
INFO [2019-04-04 15:29:36] NULL
INFO [2019-04-04 15:29:36] 
