INFO [2019-04-04 15:29:35] $x
INFO [2019-04-04 15:29:35] ID_list[1:4]
INFO [2019-04-04 15:29:35] 
INFO [2019-04-04 15:29:35] $filename
INFO [2019-04-04 15:29:35] NULL
INFO [2019-04-04 15:29:35] 
INFO [2019-04-04 15:29:35] $fill
INFO [2019-04-04 15:29:35] c("blue", "red", "yellow", "green")
INFO [2019-04-04 15:29:35] 
INFO [2019-04-04 15:29:35] $alpha
INFO [2019-04-04 15:29:35] [1] 0.5
INFO [2019-04-04 15:29:35] 
INFO [2019-04-04 15:29:35] $col
INFO [2019-04-04 15:29:35] [1] "transparent"
INFO [2019-04-04 15:29:35] 
INFO [2019-04-04 15:29:35] $cex
INFO [2019-04-04 15:29:35] [1] 1.25
INFO [2019-04-04 15:29:35] 
INFO [2019-04-04 15:29:35] $fontface
INFO [2019-04-04 15:29:35] [1] "bold"
INFO [2019-04-04 15:29:35] 
INFO [2019-04-04 15:29:35] $cat.fontface
INFO [2019-04-04 15:29:35] [1] "bold"
INFO [2019-04-04 15:29:35] 
INFO [2019-04-04 15:29:35] $cat.cex
INFO [2019-04-04 15:29:35] [1] 1
INFO [2019-04-04 15:29:35] 
INFO [2019-04-04 15:29:35] $cat.col
INFO [2019-04-04 15:29:35] c("navy", "darkred", "goldenrod", "darkgreen")
INFO [2019-04-04 15:29:35] 
