INFO [2019-04-04 14:03:46] $x
INFO [2019-04-04 14:03:46] ID_list[1:4]
INFO [2019-04-04 14:03:46] 
INFO [2019-04-04 14:03:46] $filename
INFO [2019-04-04 14:03:46] NULL
INFO [2019-04-04 14:03:46] 
INFO [2019-04-04 14:03:46] $fill
INFO [2019-04-04 14:03:46] c("blue", "red", "yellow", "green")
INFO [2019-04-04 14:03:46] 
INFO [2019-04-04 14:03:46] $alpha
INFO [2019-04-04 14:03:46] [1] 0.5
INFO [2019-04-04 14:03:46] 
INFO [2019-04-04 14:03:46] $col
INFO [2019-04-04 14:03:46] [1] "transparent"
INFO [2019-04-04 14:03:46] 
INFO [2019-04-04 14:03:46] $cex
INFO [2019-04-04 14:03:46] [1] 1.25
INFO [2019-04-04 14:03:46] 
INFO [2019-04-04 14:03:46] $fontface
INFO [2019-04-04 14:03:46] [1] "bold"
INFO [2019-04-04 14:03:46] 
INFO [2019-04-04 14:03:46] $cat.fontface
INFO [2019-04-04 14:03:46] [1] "bold"
INFO [2019-04-04 14:03:46] 
INFO [2019-04-04 14:03:46] $cat.cex
INFO [2019-04-04 14:03:46] [1] 1
INFO [2019-04-04 14:03:46] 
INFO [2019-04-04 14:03:46] $cat.col
INFO [2019-04-04 14:03:46] c("navy", "darkred", "goldenrod", "darkgreen")
INFO [2019-04-04 14:03:46] 
INFO [2019-04-04 14:03:46] $x
INFO [2019-04-04 14:03:46] ID_list[1:3]
INFO [2019-04-04 14:03:46] 
INFO [2019-04-04 14:03:46] $filename
INFO [2019-04-04 14:03:46] NULL
INFO [2019-04-04 14:03:46] 
INFO [2019-04-04 14:03:46] $fill
INFO [2019-04-04 14:03:46] c("blue", "red", "yellow")
INFO [2019-04-04 14:03:46] 
INFO [2019-04-04 14:03:46] $alpha
INFO [2019-04-04 14:03:46] [1] 0.5
INFO [2019-04-04 14:03:46] 
INFO [2019-04-04 14:03:46] $col
INFO [2019-04-04 14:03:46] [1] "transparent"
INFO [2019-04-04 14:03:46] 
INFO [2019-04-04 14:03:46] $cex
INFO [2019-04-04 14:03:46] [1] 1.5
INFO [2019-04-04 14:03:46] 
INFO [2019-04-04 14:03:46] $fontface
INFO [2019-04-04 14:03:46] [1] "bold"
INFO [2019-04-04 14:03:46] 
INFO [2019-04-04 14:03:46] $cat.cex
INFO [2019-04-04 14:03:46] [1] 1.5
INFO [2019-04-04 14:03:46] 
INFO [2019-04-04 14:03:46] $cat.fontface
INFO [2019-04-04 14:03:46] [1] "bold"
INFO [2019-04-04 14:03:46] 
INFO [2019-04-04 14:03:46] $cat.dist
INFO [2019-04-04 14:03:46] c(-0.01, -0.01, -0.01)
INFO [2019-04-04 14:03:46] 
INFO [2019-04-04 14:03:46] $cat.pos
INFO [2019-04-04 14:03:46] c(325, 35, 180)
INFO [2019-04-04 14:03:46] 
INFO [2019-04-04 14:03:46] $cat.col
INFO [2019-04-04 14:03:46] c("navy", "darkred", "goldenrod")
INFO [2019-04-04 14:03:46] 
INFO [2019-04-04 14:03:46] $label.col
INFO [2019-04-04 14:03:46] c("navy", "white", "darkred", "white", "black", "white", "goldenrod")
INFO [2019-04-04 14:03:46] 
