INFO [2019-04-04 16:17:37] $x
INFO [2019-04-04 16:17:37] ID_list[1:3]
INFO [2019-04-04 16:17:37] 
INFO [2019-04-04 16:17:37] $filename
INFO [2019-04-04 16:17:37] NULL
INFO [2019-04-04 16:17:37] 
INFO [2019-04-04 16:17:37] $fill
INFO [2019-04-04 16:17:37] c("blue", "red", "yellow")
INFO [2019-04-04 16:17:37] 
INFO [2019-04-04 16:17:37] $alpha
INFO [2019-04-04 16:17:37] [1] 0.5
INFO [2019-04-04 16:17:37] 
INFO [2019-04-04 16:17:37] $col
INFO [2019-04-04 16:17:37] [1] "transparent"
INFO [2019-04-04 16:17:37] 
INFO [2019-04-04 16:17:37] $cex
INFO [2019-04-04 16:17:37] [1] 1.5
INFO [2019-04-04 16:17:37] 
INFO [2019-04-04 16:17:37] $fontface
INFO [2019-04-04 16:17:37] [1] "bold"
INFO [2019-04-04 16:17:37] 
INFO [2019-04-04 16:17:37] $cat.cex
INFO [2019-04-04 16:17:37] [1] 1.5
INFO [2019-04-04 16:17:37] 
INFO [2019-04-04 16:17:37] $cat.fontface
INFO [2019-04-04 16:17:37] [1] "bold"
INFO [2019-04-04 16:17:37] 
INFO [2019-04-04 16:17:37] $cat.dist
INFO [2019-04-04 16:17:37] c(-0.01, -0.01, -0.01)
INFO [2019-04-04 16:17:37] 
INFO [2019-04-04 16:17:37] $cat.pos
INFO [2019-04-04 16:17:37] c(325, 35, 180)
INFO [2019-04-04 16:17:37] 
INFO [2019-04-04 16:17:37] $cat.col
INFO [2019-04-04 16:17:37] c("navy", "darkred", "goldenrod")
INFO [2019-04-04 16:17:37] 
INFO [2019-04-04 16:17:37] $label.col
INFO [2019-04-04 16:17:37] c("navy", "white", "darkred", "white", "black", "white", "goldenrod")
INFO [2019-04-04 16:17:37] 
INFO [2019-04-04 16:17:37] $x
INFO [2019-04-04 16:17:37] ID_list[c(1, 3, 4)]
INFO [2019-04-04 16:17:37] 
INFO [2019-04-04 16:17:37] $fill
INFO [2019-04-04 16:17:37] c("blue", "red", "yellow")
INFO [2019-04-04 16:17:37] 
INFO [2019-04-04 16:17:37] $alpha
INFO [2019-04-04 16:17:37] [1] 0.5
INFO [2019-04-04 16:17:37] 
INFO [2019-04-04 16:17:37] $fontface
INFO [2019-04-04 16:17:37] [1] "bold"
INFO [2019-04-04 16:17:37] 
INFO [2019-04-04 16:17:37] $cat.fontface
INFO [2019-04-04 16:17:37] [1] "bold"
INFO [2019-04-04 16:17:37] 
INFO [2019-04-04 16:17:37] $lty
INFO [2019-04-04 16:17:37] [1] "dashed"
INFO [2019-04-04 16:17:37] 
INFO [2019-04-04 16:17:37] $lwd
INFO [2019-04-04 16:17:37] [1] 0.75
INFO [2019-04-04 16:17:37] 
INFO [2019-04-04 16:17:37] $filename
INFO [2019-04-04 16:17:37] NULL
INFO [2019-04-04 16:17:37] 
INFO [2019-04-04 16:17:37] $x
INFO [2019-04-04 16:17:37] ID_list[c(1, 4)]
INFO [2019-04-04 16:17:37] 
INFO [2019-04-04 16:17:37] $fill
INFO [2019-04-04 16:17:37] c("blue", "yellow")
INFO [2019-04-04 16:17:37] 
INFO [2019-04-04 16:17:37] $alpha
INFO [2019-04-04 16:17:37] [1] 0.5
INFO [2019-04-04 16:17:37] 
INFO [2019-04-04 16:17:37] $fontface
INFO [2019-04-04 16:17:37] [1] "bold"
INFO [2019-04-04 16:17:37] 
INFO [2019-04-04 16:17:37] $cat.fontface
INFO [2019-04-04 16:17:37] [1] "bold"
INFO [2019-04-04 16:17:37] 
INFO [2019-04-04 16:17:37] $cat.dist
INFO [2019-04-04 16:17:37] c(-0.1, 0.03)
INFO [2019-04-04 16:17:37] 
INFO [2019-04-04 16:17:37] $cat.pos
INFO [2019-04-04 16:17:37] c(-30, 25)
INFO [2019-04-04 16:17:37] 
INFO [2019-04-04 16:17:37] $lty
INFO [2019-04-04 16:17:37] [1] "dashed"
INFO [2019-04-04 16:17:37] 
INFO [2019-04-04 16:17:37] $lwd
INFO [2019-04-04 16:17:37] [1] 0.75
INFO [2019-04-04 16:17:37] 
INFO [2019-04-04 16:17:37] $filename
INFO [2019-04-04 16:17:37] NULL
INFO [2019-04-04 16:17:37] 
