INFO [2019-04-04 14:03:47] $x
INFO [2019-04-04 14:03:47] ID_list[c(1, 3, 4)]
INFO [2019-04-04 14:03:47] 
INFO [2019-04-04 14:03:47] $fill
INFO [2019-04-04 14:03:47] c("blue", "red", "yellow")
INFO [2019-04-04 14:03:47] 
INFO [2019-04-04 14:03:47] $alpha
INFO [2019-04-04 14:03:47] [1] 0.5
INFO [2019-04-04 14:03:47] 
INFO [2019-04-04 14:03:47] $fontface
INFO [2019-04-04 14:03:47] [1] "bold"
INFO [2019-04-04 14:03:47] 
INFO [2019-04-04 14:03:47] $cat.fontface
INFO [2019-04-04 14:03:47] [1] "bold"
INFO [2019-04-04 14:03:47] 
INFO [2019-04-04 14:03:47] $lty
INFO [2019-04-04 14:03:47] [1] "dashed"
INFO [2019-04-04 14:03:47] 
INFO [2019-04-04 14:03:47] $lwd
INFO [2019-04-04 14:03:47] [1] 0.75
INFO [2019-04-04 14:03:47] 
INFO [2019-04-04 14:03:47] $filename
INFO [2019-04-04 14:03:47] NULL
INFO [2019-04-04 14:03:47] 
INFO [2019-04-04 14:03:47] $x
INFO [2019-04-04 14:03:47] ID_list[c(1, 4)]
INFO [2019-04-04 14:03:47] 
INFO [2019-04-04 14:03:47] $fill
INFO [2019-04-04 14:03:47] c("blue", "yellow")
INFO [2019-04-04 14:03:47] 
INFO [2019-04-04 14:03:47] $alpha
INFO [2019-04-04 14:03:47] [1] 0.5
INFO [2019-04-04 14:03:47] 
INFO [2019-04-04 14:03:47] $fontface
INFO [2019-04-04 14:03:47] [1] "bold"
INFO [2019-04-04 14:03:47] 
INFO [2019-04-04 14:03:47] $cat.fontface
INFO [2019-04-04 14:03:47] [1] "bold"
INFO [2019-04-04 14:03:47] 
INFO [2019-04-04 14:03:47] $cat.dist
INFO [2019-04-04 14:03:47] c(-0.1, 0.03)
INFO [2019-04-04 14:03:47] 
INFO [2019-04-04 14:03:47] $cat.pos
INFO [2019-04-04 14:03:47] c(-30, 25)
INFO [2019-04-04 14:03:47] 
INFO [2019-04-04 14:03:47] $lty
INFO [2019-04-04 14:03:47] [1] "dashed"
INFO [2019-04-04 14:03:47] 
INFO [2019-04-04 14:03:47] $lwd
INFO [2019-04-04 14:03:47] [1] 0.75
INFO [2019-04-04 14:03:47] 
INFO [2019-04-04 14:03:47] $filename
INFO [2019-04-04 14:03:47] NULL
INFO [2019-04-04 14:03:47] 
