INFO [2019-04-04 15:29:37] $x
INFO [2019-04-04 15:29:37] ID_list[c(1, 4)]
INFO [2019-04-04 15:29:37] 
INFO [2019-04-04 15:29:37] $fill
INFO [2019-04-04 15:29:37] c("blue", "yellow")
INFO [2019-04-04 15:29:37] 
INFO [2019-04-04 15:29:37] $alpha
INFO [2019-04-04 15:29:37] [1] 0.5
INFO [2019-04-04 15:29:37] 
INFO [2019-04-04 15:29:37] $fontface
INFO [2019-04-04 15:29:37] [1] "bold"
INFO [2019-04-04 15:29:37] 
INFO [2019-04-04 15:29:37] $cat.fontface
INFO [2019-04-04 15:29:37] [1] "bold"
INFO [2019-04-04 15:29:37] 
INFO [2019-04-04 15:29:37] $cat.dist
INFO [2019-04-04 15:29:37] c(-0.1, 0.03)
INFO [2019-04-04 15:29:37] 
INFO [2019-04-04 15:29:37] $cat.pos
INFO [2019-04-04 15:29:37] c(-30, 25)
INFO [2019-04-04 15:29:37] 
INFO [2019-04-04 15:29:37] $lty
INFO [2019-04-04 15:29:37] [1] "dashed"
INFO [2019-04-04 15:29:37] 
INFO [2019-04-04 15:29:37] $lwd
INFO [2019-04-04 15:29:37] [1] 0.75
INFO [2019-04-04 15:29:37] 
INFO [2019-04-04 15:29:37] $filename
INFO [2019-04-04 15:29:37] NULL
INFO [2019-04-04 15:29:37] 
