INFO [2019-04-04 14:03:04] $x
INFO [2019-04-04 14:03:04] ID_list[1:4]
INFO [2019-04-04 14:03:04] 
INFO [2019-04-04 14:03:04] $filename
INFO [2019-04-04 14:03:04] NULL
INFO [2019-04-04 14:03:04] 
INFO [2019-04-04 14:03:04] $fill
INFO [2019-04-04 14:03:04] c("blue", "red", "yellow", "green")
INFO [2019-04-04 14:03:04] 
INFO [2019-04-04 14:03:04] $alpha
INFO [2019-04-04 14:03:04] [1] 0.5
INFO [2019-04-04 14:03:04] 
INFO [2019-04-04 14:03:04] $col
INFO [2019-04-04 14:03:04] [1] "transparent"
INFO [2019-04-04 14:03:04] 
INFO [2019-04-04 14:03:04] $cex
INFO [2019-04-04 14:03:04] [1] 1.25
INFO [2019-04-04 14:03:04] 
INFO [2019-04-04 14:03:04] $fontface
INFO [2019-04-04 14:03:04] [1] "bold"
INFO [2019-04-04 14:03:04] 
INFO [2019-04-04 14:03:04] $cat.fontface
INFO [2019-04-04 14:03:04] [1] "bold"
INFO [2019-04-04 14:03:04] 
INFO [2019-04-04 14:03:04] $cat.cex
INFO [2019-04-04 14:03:04] [1] 1
INFO [2019-04-04 14:03:04] 
INFO [2019-04-04 14:03:04] $cat.col
INFO [2019-04-04 14:03:04] c("navy", "darkred", "goldenrod", "darkgreen")
INFO [2019-04-04 14:03:04] 
INFO [2019-04-04 14:03:04] $x
INFO [2019-04-04 14:03:04] ID_list[1:3]
INFO [2019-04-04 14:03:04] 
INFO [2019-04-04 14:03:04] $filename
INFO [2019-04-04 14:03:04] NULL
INFO [2019-04-04 14:03:04] 
INFO [2019-04-04 14:03:04] $fill
INFO [2019-04-04 14:03:04] c("blue", "red", "yellow")
INFO [2019-04-04 14:03:04] 
INFO [2019-04-04 14:03:04] $alpha
INFO [2019-04-04 14:03:04] [1] 0.5
INFO [2019-04-04 14:03:04] 
INFO [2019-04-04 14:03:04] $col
INFO [2019-04-04 14:03:04] [1] "transparent"
INFO [2019-04-04 14:03:04] 
INFO [2019-04-04 14:03:04] $cex
INFO [2019-04-04 14:03:04] [1] 1.5
INFO [2019-04-04 14:03:04] 
INFO [2019-04-04 14:03:04] $fontface
INFO [2019-04-04 14:03:04] [1] "bold"
INFO [2019-04-04 14:03:04] 
INFO [2019-04-04 14:03:04] $cat.cex
INFO [2019-04-04 14:03:04] [1] 1.5
INFO [2019-04-04 14:03:04] 
INFO [2019-04-04 14:03:04] $cat.fontface
INFO [2019-04-04 14:03:04] [1] "bold"
INFO [2019-04-04 14:03:04] 
INFO [2019-04-04 14:03:04] $cat.dist
INFO [2019-04-04 14:03:04] c(-0.01, -0.01, -0.01)
INFO [2019-04-04 14:03:04] 
INFO [2019-04-04 14:03:04] $cat.pos
INFO [2019-04-04 14:03:04] c(325, 35, 180)
INFO [2019-04-04 14:03:04] 
INFO [2019-04-04 14:03:04] $cat.col
INFO [2019-04-04 14:03:04] c("navy", "darkred", "goldenrod")
INFO [2019-04-04 14:03:04] 
INFO [2019-04-04 14:03:04] $label.col
INFO [2019-04-04 14:03:04] c("navy", "white", "darkred", "white", "black", "white", "goldenrod")
INFO [2019-04-04 14:03:04] 
