INFO [2019-04-04 16:17:36] $x
INFO [2019-04-04 16:17:36] ID_list[1:4]
INFO [2019-04-04 16:17:36] 
INFO [2019-04-04 16:17:36] $filename
INFO [2019-04-04 16:17:36] NULL
INFO [2019-04-04 16:17:36] 
INFO [2019-04-04 16:17:36] $fill
INFO [2019-04-04 16:17:36] c("blue", "red", "yellow", "green")
INFO [2019-04-04 16:17:36] 
INFO [2019-04-04 16:17:36] $alpha
INFO [2019-04-04 16:17:36] [1] 0.5
INFO [2019-04-04 16:17:36] 
INFO [2019-04-04 16:17:36] $col
INFO [2019-04-04 16:17:36] [1] "transparent"
INFO [2019-04-04 16:17:36] 
INFO [2019-04-04 16:17:36] $cex
INFO [2019-04-04 16:17:36] [1] 1.25
INFO [2019-04-04 16:17:36] 
INFO [2019-04-04 16:17:36] $fontface
INFO [2019-04-04 16:17:36] [1] "bold"
INFO [2019-04-04 16:17:36] 
INFO [2019-04-04 16:17:36] $cat.fontface
INFO [2019-04-04 16:17:36] [1] "bold"
INFO [2019-04-04 16:17:36] 
INFO [2019-04-04 16:17:36] $cat.cex
INFO [2019-04-04 16:17:36] [1] 1
INFO [2019-04-04 16:17:36] 
INFO [2019-04-04 16:17:36] $cat.col
INFO [2019-04-04 16:17:36] c("navy", "darkred", "goldenrod", "darkgreen")
INFO [2019-04-04 16:17:36] 
