INFO [2019-04-04 15:28:51] $x
INFO [2019-04-04 15:28:51] ID_list[c(1, 3, 4)]
INFO [2019-04-04 15:28:51] 
INFO [2019-04-04 15:28:51] $fill
INFO [2019-04-04 15:28:51] c("blue", "red", "yellow")
INFO [2019-04-04 15:28:51] 
INFO [2019-04-04 15:28:51] $alpha
INFO [2019-04-04 15:28:51] [1] 0.5
INFO [2019-04-04 15:28:51] 
INFO [2019-04-04 15:28:51] $fontface
INFO [2019-04-04 15:28:51] [1] "bold"
INFO [2019-04-04 15:28:51] 
INFO [2019-04-04 15:28:51] $cat.fontface
INFO [2019-04-04 15:28:51] [1] "bold"
INFO [2019-04-04 15:28:51] 
INFO [2019-04-04 15:28:51] $lty
INFO [2019-04-04 15:28:51] [1] "dashed"
INFO [2019-04-04 15:28:51] 
INFO [2019-04-04 15:28:51] $lwd
INFO [2019-04-04 15:28:51] [1] 0.75
INFO [2019-04-04 15:28:51] 
INFO [2019-04-04 15:28:51] $filename
INFO [2019-04-04 15:28:51] NULL
INFO [2019-04-04 15:28:51] 
INFO [2019-04-04 15:28:51] $x
INFO [2019-04-04 15:28:51] ID_list[c(1, 4)]
INFO [2019-04-04 15:28:51] 
INFO [2019-04-04 15:28:51] $fill
INFO [2019-04-04 15:28:51] c("blue", "yellow")
INFO [2019-04-04 15:28:51] 
INFO [2019-04-04 15:28:51] $alpha
INFO [2019-04-04 15:28:51] [1] 0.5
INFO [2019-04-04 15:28:51] 
INFO [2019-04-04 15:28:51] $fontface
INFO [2019-04-04 15:28:51] [1] "bold"
INFO [2019-04-04 15:28:51] 
INFO [2019-04-04 15:28:51] $cat.fontface
INFO [2019-04-04 15:28:51] [1] "bold"
INFO [2019-04-04 15:28:51] 
INFO [2019-04-04 15:28:51] $cat.dist
INFO [2019-04-04 15:28:51] c(-0.1, 0.03)
INFO [2019-04-04 15:28:51] 
INFO [2019-04-04 15:28:51] $cat.pos
INFO [2019-04-04 15:28:51] c(-30, 25)
INFO [2019-04-04 15:28:51] 
INFO [2019-04-04 15:28:51] $lty
INFO [2019-04-04 15:28:51] [1] "dashed"
INFO [2019-04-04 15:28:51] 
INFO [2019-04-04 15:28:51] $lwd
INFO [2019-04-04 15:28:51] [1] 0.75
INFO [2019-04-04 15:28:51] 
INFO [2019-04-04 15:28:51] $filename
INFO [2019-04-04 15:28:51] NULL
INFO [2019-04-04 15:28:51] 
