INFO [2019-04-04 14:05:33] $x
INFO [2019-04-04 14:05:33] ID_list[1:4]
INFO [2019-04-04 14:05:33] 
INFO [2019-04-04 14:05:33] $filename
INFO [2019-04-04 14:05:33] NULL
INFO [2019-04-04 14:05:33] 
INFO [2019-04-04 14:05:33] $fill
INFO [2019-04-04 14:05:33] c("blue", "red", "yellow", "green")
INFO [2019-04-04 14:05:33] 
INFO [2019-04-04 14:05:33] $alpha
INFO [2019-04-04 14:05:33] [1] 0.5
INFO [2019-04-04 14:05:33] 
INFO [2019-04-04 14:05:33] $col
INFO [2019-04-04 14:05:33] [1] "transparent"
INFO [2019-04-04 14:05:33] 
INFO [2019-04-04 14:05:33] $cex
INFO [2019-04-04 14:05:33] [1] 1.25
INFO [2019-04-04 14:05:33] 
INFO [2019-04-04 14:05:33] $fontface
INFO [2019-04-04 14:05:33] [1] "bold"
INFO [2019-04-04 14:05:33] 
INFO [2019-04-04 14:05:33] $cat.fontface
INFO [2019-04-04 14:05:33] [1] "bold"
INFO [2019-04-04 14:05:33] 
INFO [2019-04-04 14:05:33] $cat.cex
INFO [2019-04-04 14:05:33] [1] 1
INFO [2019-04-04 14:05:33] 
INFO [2019-04-04 14:05:33] $cat.col
INFO [2019-04-04 14:05:33] c("navy", "darkred", "goldenrod", "darkgreen")
INFO [2019-04-04 14:05:33] 
