INFO [2019-04-04 15:28:50] $x
INFO [2019-04-04 15:28:50] ID_list[1:4]
INFO [2019-04-04 15:28:50] 
INFO [2019-04-04 15:28:50] $filename
INFO [2019-04-04 15:28:50] NULL
INFO [2019-04-04 15:28:50] 
INFO [2019-04-04 15:28:50] $fill
INFO [2019-04-04 15:28:50] c("blue", "red", "yellow", "green")
INFO [2019-04-04 15:28:50] 
INFO [2019-04-04 15:28:50] $alpha
INFO [2019-04-04 15:28:50] [1] 0.5
INFO [2019-04-04 15:28:50] 
INFO [2019-04-04 15:28:50] $col
INFO [2019-04-04 15:28:50] [1] "transparent"
INFO [2019-04-04 15:28:50] 
INFO [2019-04-04 15:28:50] $cex
INFO [2019-04-04 15:28:50] [1] 1.25
INFO [2019-04-04 15:28:50] 
INFO [2019-04-04 15:28:50] $fontface
INFO [2019-04-04 15:28:50] [1] "bold"
INFO [2019-04-04 15:28:50] 
INFO [2019-04-04 15:28:50] $cat.fontface
INFO [2019-04-04 15:28:50] [1] "bold"
INFO [2019-04-04 15:28:50] 
INFO [2019-04-04 15:28:50] $cat.cex
INFO [2019-04-04 15:28:50] [1] 1
INFO [2019-04-04 15:28:50] 
INFO [2019-04-04 15:28:50] $cat.col
INFO [2019-04-04 15:28:50] c("navy", "darkred", "goldenrod", "darkgreen")
INFO [2019-04-04 15:28:50] 
INFO [2019-04-04 15:28:50] $x
INFO [2019-04-04 15:28:50] ID_list[1:3]
INFO [2019-04-04 15:28:50] 
INFO [2019-04-04 15:28:50] $filename
INFO [2019-04-04 15:28:50] NULL
INFO [2019-04-04 15:28:50] 
INFO [2019-04-04 15:28:50] $fill
INFO [2019-04-04 15:28:50] c("blue", "red", "yellow")
INFO [2019-04-04 15:28:50] 
INFO [2019-04-04 15:28:50] $alpha
INFO [2019-04-04 15:28:50] [1] 0.5
INFO [2019-04-04 15:28:50] 
INFO [2019-04-04 15:28:50] $col
INFO [2019-04-04 15:28:50] [1] "transparent"
INFO [2019-04-04 15:28:50] 
INFO [2019-04-04 15:28:50] $cex
INFO [2019-04-04 15:28:50] [1] 1.5
INFO [2019-04-04 15:28:50] 
INFO [2019-04-04 15:28:50] $fontface
INFO [2019-04-04 15:28:50] [1] "bold"
INFO [2019-04-04 15:28:50] 
INFO [2019-04-04 15:28:50] $cat.cex
INFO [2019-04-04 15:28:50] [1] 1.5
INFO [2019-04-04 15:28:50] 
INFO [2019-04-04 15:28:50] $cat.fontface
INFO [2019-04-04 15:28:50] [1] "bold"
INFO [2019-04-04 15:28:50] 
INFO [2019-04-04 15:28:50] $cat.dist
INFO [2019-04-04 15:28:50] c(-0.01, -0.01, -0.01)
INFO [2019-04-04 15:28:50] 
INFO [2019-04-04 15:28:50] $cat.pos
INFO [2019-04-04 15:28:50] c(325, 35, 180)
INFO [2019-04-04 15:28:50] 
INFO [2019-04-04 15:28:50] $cat.col
INFO [2019-04-04 15:28:50] c("navy", "darkred", "goldenrod")
INFO [2019-04-04 15:28:50] 
INFO [2019-04-04 15:28:50] $label.col
INFO [2019-04-04 15:28:50] c("navy", "white", "darkred", "white", "black", "white", "goldenrod")
INFO [2019-04-04 15:28:50] 
