INFO [2019-04-04 14:05:34] $x
INFO [2019-04-04 14:05:34] ID_list[1:3]
INFO [2019-04-04 14:05:34] 
INFO [2019-04-04 14:05:34] $filename
INFO [2019-04-04 14:05:34] NULL
INFO [2019-04-04 14:05:34] 
INFO [2019-04-04 14:05:34] $fill
INFO [2019-04-04 14:05:34] c("blue", "red", "yellow")
INFO [2019-04-04 14:05:34] 
INFO [2019-04-04 14:05:34] $alpha
INFO [2019-04-04 14:05:34] [1] 0.5
INFO [2019-04-04 14:05:34] 
INFO [2019-04-04 14:05:34] $col
INFO [2019-04-04 14:05:34] [1] "transparent"
INFO [2019-04-04 14:05:34] 
INFO [2019-04-04 14:05:34] $cex
INFO [2019-04-04 14:05:34] [1] 1.5
INFO [2019-04-04 14:05:34] 
INFO [2019-04-04 14:05:34] $fontface
INFO [2019-04-04 14:05:34] [1] "bold"
INFO [2019-04-04 14:05:34] 
INFO [2019-04-04 14:05:34] $cat.cex
INFO [2019-04-04 14:05:34] [1] 1.5
INFO [2019-04-04 14:05:34] 
INFO [2019-04-04 14:05:34] $cat.fontface
INFO [2019-04-04 14:05:34] [1] "bold"
INFO [2019-04-04 14:05:34] 
INFO [2019-04-04 14:05:34] $cat.dist
INFO [2019-04-04 14:05:34] c(-0.01, -0.01, -0.01)
INFO [2019-04-04 14:05:34] 
INFO [2019-04-04 14:05:34] $cat.pos
INFO [2019-04-04 14:05:34] c(325, 35, 180)
INFO [2019-04-04 14:05:34] 
INFO [2019-04-04 14:05:34] $cat.col
INFO [2019-04-04 14:05:34] c("navy", "darkred", "goldenrod")
INFO [2019-04-04 14:05:34] 
INFO [2019-04-04 14:05:34] $label.col
INFO [2019-04-04 14:05:34] c("navy", "white", "darkred", "white", "black", "white", "goldenrod")
INFO [2019-04-04 14:05:34] 
INFO [2019-04-04 14:05:34] $x
INFO [2019-04-04 14:05:34] ID_list[c(1, 3, 4)]
INFO [2019-04-04 14:05:34] 
INFO [2019-04-04 14:05:34] $fill
INFO [2019-04-04 14:05:34] c("blue", "red", "yellow")
INFO [2019-04-04 14:05:34] 
INFO [2019-04-04 14:05:34] $alpha
INFO [2019-04-04 14:05:34] [1] 0.5
INFO [2019-04-04 14:05:34] 
INFO [2019-04-04 14:05:34] $fontface
INFO [2019-04-04 14:05:34] [1] "bold"
INFO [2019-04-04 14:05:34] 
INFO [2019-04-04 14:05:34] $cat.fontface
INFO [2019-04-04 14:05:34] [1] "bold"
INFO [2019-04-04 14:05:34] 
INFO [2019-04-04 14:05:34] $lty
INFO [2019-04-04 14:05:34] [1] "dashed"
INFO [2019-04-04 14:05:34] 
INFO [2019-04-04 14:05:34] $lwd
INFO [2019-04-04 14:05:34] [1] 0.75
INFO [2019-04-04 14:05:34] 
INFO [2019-04-04 14:05:34] $filename
INFO [2019-04-04 14:05:34] NULL
INFO [2019-04-04 14:05:34] 
INFO [2019-04-04 14:05:34] $x
INFO [2019-04-04 14:05:34] ID_list[c(1, 4)]
INFO [2019-04-04 14:05:34] 
INFO [2019-04-04 14:05:34] $fill
INFO [2019-04-04 14:05:34] c("blue", "yellow")
INFO [2019-04-04 14:05:34] 
INFO [2019-04-04 14:05:34] $alpha
INFO [2019-04-04 14:05:34] [1] 0.5
INFO [2019-04-04 14:05:34] 
INFO [2019-04-04 14:05:34] $fontface
INFO [2019-04-04 14:05:34] [1] "bold"
INFO [2019-04-04 14:05:34] 
INFO [2019-04-04 14:05:34] $cat.fontface
INFO [2019-04-04 14:05:34] [1] "bold"
INFO [2019-04-04 14:05:34] 
INFO [2019-04-04 14:05:34] $cat.dist
INFO [2019-04-04 14:05:34] c(-0.1, 0.03)
INFO [2019-04-04 14:05:34] 
INFO [2019-04-04 14:05:34] $cat.pos
INFO [2019-04-04 14:05:34] c(-30, 25)
INFO [2019-04-04 14:05:34] 
INFO [2019-04-04 14:05:34] $lty
INFO [2019-04-04 14:05:34] [1] "dashed"
INFO [2019-04-04 14:05:34] 
INFO [2019-04-04 14:05:34] $lwd
INFO [2019-04-04 14:05:34] [1] 0.75
INFO [2019-04-04 14:05:34] 
INFO [2019-04-04 14:05:34] $filename
INFO [2019-04-04 14:05:34] NULL
INFO [2019-04-04 14:05:34] 
