INFO [2019-04-04 14:03:05] $x
INFO [2019-04-04 14:03:05] ID_list[c(1, 3, 4)]
INFO [2019-04-04 14:03:05] 
INFO [2019-04-04 14:03:05] $fill
INFO [2019-04-04 14:03:05] c("blue", "red", "yellow")
INFO [2019-04-04 14:03:05] 
INFO [2019-04-04 14:03:05] $alpha
INFO [2019-04-04 14:03:05] [1] 0.5
INFO [2019-04-04 14:03:05] 
INFO [2019-04-04 14:03:05] $fontface
INFO [2019-04-04 14:03:05] [1] "bold"
INFO [2019-04-04 14:03:05] 
INFO [2019-04-04 14:03:05] $cat.fontface
INFO [2019-04-04 14:03:05] [1] "bold"
INFO [2019-04-04 14:03:05] 
INFO [2019-04-04 14:03:05] $lty
INFO [2019-04-04 14:03:05] [1] "dashed"
INFO [2019-04-04 14:03:05] 
INFO [2019-04-04 14:03:05] $lwd
INFO [2019-04-04 14:03:05] [1] 0.75
INFO [2019-04-04 14:03:05] 
INFO [2019-04-04 14:03:05] $filename
INFO [2019-04-04 14:03:05] NULL
INFO [2019-04-04 14:03:05] 
INFO [2019-04-04 14:03:05] $x
INFO [2019-04-04 14:03:05] ID_list[c(1, 4)]
INFO [2019-04-04 14:03:05] 
INFO [2019-04-04 14:03:05] $fill
INFO [2019-04-04 14:03:05] c("blue", "yellow")
INFO [2019-04-04 14:03:05] 
INFO [2019-04-04 14:03:05] $alpha
INFO [2019-04-04 14:03:05] [1] 0.5
INFO [2019-04-04 14:03:05] 
INFO [2019-04-04 14:03:05] $fontface
INFO [2019-04-04 14:03:05] [1] "bold"
INFO [2019-04-04 14:03:05] 
INFO [2019-04-04 14:03:05] $cat.fontface
INFO [2019-04-04 14:03:05] [1] "bold"
INFO [2019-04-04 14:03:05] 
INFO [2019-04-04 14:03:05] $cat.dist
INFO [2019-04-04 14:03:05] c(-0.1, 0.03)
INFO [2019-04-04 14:03:05] 
INFO [2019-04-04 14:03:05] $cat.pos
INFO [2019-04-04 14:03:05] c(-30, 25)
INFO [2019-04-04 14:03:05] 
INFO [2019-04-04 14:03:05] $lty
INFO [2019-04-04 14:03:05] [1] "dashed"
INFO [2019-04-04 14:03:05] 
INFO [2019-04-04 14:03:05] $lwd
INFO [2019-04-04 14:03:05] [1] 0.75
INFO [2019-04-04 14:03:05] 
INFO [2019-04-04 14:03:05] $filename
INFO [2019-04-04 14:03:05] NULL
INFO [2019-04-04 14:03:05] 
